MLA843116615 - Monitor Dell P2419h Led 24  Negro 100v/240v - MLA14407 - MLA-COMPUTER_MONITORS
MLA884736096 - Router Cisco Rv Series Rv340  Negro 100v/240v 1 Unidad - MLA430901 - MLA-ROUTERS_AND_WIRELESS_SYSTEMS
MLA905092379 - Servidor Dell T140 Xeon E3-2124 16gb 4tb (2 X 2tb) - MLA1649 - MLA-DESKTOP_COMPUTERS
MLA901188774 - Notebook Dell Latitude I7 3510 32gb 256ssd + 480ssd Gf W10p - MLA1652 - MLA-NOTEBOOKS
MLA679000346 - Ups Apc 800va 4t Estabilizador Y Protector De Tension Gtia Oficial 2 Años Simil Ideal Para Uso Gamer - MLA1720 - MLA-STABILIZERS_AND_UPS
MLA604049998 - Ups Apc Easy Bv650i-ar 650va Gtia Oficial 2 Años Bv650 - MLA1720 - MLA-STABILIZERS_AND_UPS
MLA838441150 - Servidor Poweredge Dell T40 Xeon E3-2224 16gb 1tb Hd Gtia - MLA1649 - MLA-DESKTOP_COMPUTERS
MLA901281068 - Notebook Dell Inspiron Amd Ryzen 5 8gb 256ssd + 1tb 15,6 W10 - MLA1652 - MLA-NOTEBOOKS
MLA619999038 - Ups Apc 550va 3 Tomas Gtia Oficial 2 Años Estabilizador Y Protector De Tension Con Ahorro De Energia - MLA1720 - MLA-STABILIZERS_AND_UPS
MLA838039921 - Ups Apc Bv800i-ar 800v 4t Estabilizador Pc Gamer Simil Bx800 - MLA1720 - MLA-STABILIZERS_AND_UPS
MLA685442693 - Switch Cisco 24 Puertos Gigabit Rack 10/100/1000 - MLA1708 - MLA-NETWORK_SWITCHES
MLA740540307 - Servidor Poweredge Dell T40 Xeon E3-1225 8gb 1tb Hd Free Dos - MLA1649 - MLA-DESKTOP_COMPUTERS
MLA907110256 - Notebook Dell Inspiron Amd Ryzen 5 32gb 256gb 15,6 Win10 - MLA1652 - MLA-NOTEBOOKS
MLA723894205 - Router Cisco Dual Wan Vpn Firewall Rv340-k9 Oferta Gtia Oficial - Factura A Y B - MLA430901 - MLA-ROUTERS_AND_WIRELESS_SYSTEMS
MLA614270244 - Ups Apc 1000va Para Pc Gamer Simil Bx1100 Bv1000i-ar Estabilizador Y Protector De Tension Gtia Oficial 2 Años - MLA1720 - MLA-STABILIZERS_AND_UPS
MLA665986505 - Servidor Dell T140 Xeon E3-2124 16gb 2tb Reemplazo T130 - MLA1649 - MLA-DESKTOP_COMPUTERS
MLA677346308 - Notebook Laptop Dell Inspiron I3 8gb 1tb 14 Ubuntu Teclado Con Ñ Gtia De Tienda Oficial - Factura A Y B Ram - MLA1652 - MLA-NOTEBOOKS
MLA701423768 - Switch Cisco 8 Puertos Port 10/100/1000 Giga Sg100 Oferta Para Hogar Y Empresa - Garantia Oficial - Factura A Y B - MLA1708 - MLA-NETWORK_SWITCHES
MLA696010903 - Ups Apc Src2ki-ar 2000va Online Tower Src2ki - MLA1720 - MLA-STABILIZERS_AND_UPS
MLA763012088 - Monitor Dell 24 Profesional P2419h 1080 60hz Vertical - MLA14407 - MLA-COMPUTER_MONITORS
MLA896718634 - Servidor Poweredge Dell T40 Xeon E3-2224 16gb 2tb Hd Gtia - MLA1649 - MLA-DESKTOP_COMPUTERS
MLA901150550 - Notebook Dell Latitude I7 3510 16gb 256ssd Geforce W10 Pro - MLA1652 - MLA-NOTEBOOKS
MLA614718493 - Ups Apc Bx1100ci Para Tv, Play, Audio, 6 Tomas Estabilizador - MLA1720 - MLA-STABILIZERS_AND_UPS
MLA609714711 - Ups Apc Back-ups Pro 550va 230 Estabilizador Y Protector De Tensión Con Ahorro De Energia Gtia Oficial Br550 - MLA1720 - MLA-STABILIZERS_AND_UPS
MLA862050665 - Servidor Poweredge Dell T40 Intel E3-2224 16gb 1tb Hd Cuotas - MLA1649 - MLA-DESKTOP_COMPUTERS
MLA663213659 - Notebook Laptop Dell Vostro I5 8gb 1tb 14 Win 10pro Teclado Con Ñ Gtia De Tienda Oficial - Factura A / B - MLA1652 - MLA-NOTEBOOKS
MLA685428555 - Switch Cisco 16 Puertos Port 10/100/1000 Rack (ex Sg100-16) Para Hogar Y Empresa - Garantia Oficial - Factura A Y B - MLA1708 - MLA-NETWORK_SWITCHES
MLA790641629 - Monitor Dell 24 Profesional P2419h - Modelo Nuevo! Ex-p2417h - MLA14407 - MLA-COMPUTER_MONITORS
MLA614270271 - Estabilizador Ups Apc 900va Con Garantia Oficial Para Tv, Play, Equipos De Audio Y Pc Con Ahorro De Energia - MLA1720 - MLA-STABILIZERS_AND_UPS
MLA814217735 - Servidor Dell T140 Xeon E3-2124 32gb 4tb Reemplazo T130 - MLA1649 - MLA-DESKTOP_COMPUTERS
MLA837842655 - Notebook Dell Inspiron I7 256ssd 32gb 15.6 W10 Gforce Oferta - MLA1652 - MLA-NOTEBOOKS
MLA609550688 - Ups Apc Easy 500va Estabilizador Y Protector De Tension Con Ahorro De Energia Gtia Oficial 2 Años - MLA1720 - MLA-STABILIZERS_AND_UPS
MLA905177466 - Ups Apc Src1ki-ar 1000va Online Tower Src1ki Gtia 2 Años - MLA1719 - MLA-STABILIZERS_AND_UPS
MLA800415301 - Servidor Dell T140 Xeon E3-2124 16gb 2tb Reemplazo T130 - MLA1649 - MLA-DESKTOP_COMPUTERS
MLA665712636 - Notebook Dell I7 16gb 1tb + Ssd Windows 10 - MLA1652 - MLA-NOTEBOOKS
MLA608914689 - Ups Apc Br1200g Ar 1200va Estabilizador Br1200 Gtia 2 Años - MLA1720 - MLA-STABILIZERS_AND_UPS
MLA795525764 - Ups Apc Easy Bv650i-ar 650va Gtia Oficial 2 Años Bv650 - MLA1720 - MLA-STABILIZERS_AND_UPS
MLA673321805 - Ups Apc 1500va Estabilizador Y Protector De Tension - Alto Rendimiento Para Pc De Hogar Y Oficina Gtia 2años - MLA1720 - MLA-STABILIZERS_AND_UPS
MLA609714710 - Ups Apc 900va Back-ups 6 Tomas Estabilizador Y Protector De Tension Gtia Oficial 2años Br900 Para Tv, Play, Pc - MLA1720 - MLA-STABILIZERS_AND_UPS
MLA901191250 - Notebook Dell Latitude I7 3510 32gb 256ssd + 1tb Gf Win10p - MLA1652 - MLA-NOTEBOOKS
MLA837839027 - Notebook Laptop Dell I7 10g 32g 256ssd + 480ssd W10 Gforce - MLA1652 - MLA-NOTEBOOKS
MLA806656370 - Router Wifi Linksys Ea6100 Dualband Usb 3.0 Control Parental - MLA430901 - MLA-ROUTERS_AND_WIRELESS_SYSTEMS
MLA838954057 - Router Linksys Wifi Ea7300 Mimo Smart Router Ac1750 - MLA430901 - MLA-ROUTERS_AND_WIRELESS_SYSTEMS
MLA794974655 - Ups Apc Bv800i-ar 800v 4t Estabilizador Pc Gamer Simil Bx800 - MLA1720 - MLA-STABILIZERS_AND_UPS
MLA850688285 - Notebook Dell Inspiron I5 256ssd + 1tb 16gb W10 Gforce Ram - MLA1652 - MLA-NOTEBOOKS
MLA906672297 - Notebook Dell Inspiron Amd Ryzen 5 16gb 256 + 240 Ssd Win10 - MLA1652 - MLA-NOTEBOOKS
MLA609116302 - Ups Apc 1500va Con Ahorro De Energa Estabilizador Y Protector De Tension Gtia Oficial Ideal Para Uso Gamer - MLA1720 - MLA-STABILIZERS_AND_UPS
MLA906672667 - Notebook Dell Inspiron Amd Ryzen 5 16gb 256 + 480 Ssd Win10 - MLA1652 - MLA-NOTEBOOKS
MLA906671838 - Notebook Dell Inspiron Amd Ryzen 5 16gb 256ssd + 1tb Win10 - MLA1652 - MLA-NOTEBOOKS
MLA791968195 - Escaner Kodak S2040 Alta Velocidad 600dpi Duplex 5000 X Dia - MLA72721 - MLA-SCANNERS
